<?xml version="1.0" encoding="UTF-8"?>
<!-- Generated by org.testng.reporters.JUnitReportReporter -->
<testsuite hostname="PP-XLP4VH7PFM" failures="0" tests="5" name="API.Trello" time="13.470" errors="0" timestamp="2023-09-03T13:35:52 IST" skipped="4">
  <testcase classname="API.Trello" name="datadrivenapi" time="13.470"/>
  <system-out/>
  <testcase classname="API.Trello" name="create_a_board">
    <skipped/>
  </testcase> <!-- create_a_board -->
  <system-out/>
  <testcase classname="API.Trello" name="Delete_a_Board">
    <skipped/>
  </testcase> <!-- Delete_a_Board -->
  <system-out/>
  <testcase classname="API.Trello" name="Update_a_Board">
    <skipped/>
  </testcase> <!-- Update_a_Board -->
  <system-out/>
  <testcase classname="API.Trello" name="get_a_Board">
    <skipped/>
  </testcase> <!-- get_a_Board -->
  <system-out/>
</testsuite> <!-- API.Trello -->
